<?xml version="1.0" encoding="UTF-8"?>
<!-- Generated by org.testng.reporters.JUnitReportReporter -->
<testsuite hostname="MB958" failures="0" tests="1" name="Runner.EmployeeTests" time="2.109" errors="0" timestamp="2022-06-12T16:34:01 BST" skipped="0">
  <testcase classname="Runner.EmployeeTests" name="getAllEmployeeDetails" time="2.109"/>
  <system-out/>
</testsuite> <!-- Runner.EmployeeTests -->
